<?xml version="1.0" encoding="UTF-8"?>
<testng-results skipped="0" failed="0" ignored="0" total="3" passed="3">
  <reporter-output>
  </reporter-output>
  <suite name="Default suite" duration-ms="21208" started-at="2018-07-04T05:08:37Z" finished-at="2018-07-04T05:08:58Z">
    <groups>
    </groups>
    <test name="Default test" duration-ms="21208" started-at="2018-07-04T05:08:37Z" finished-at="2018-07-04T05:08:58Z">
      <class name="com.qait.automation.gmailTes.gmailTest">
        <test-method status="PASS" signature="launchURL()[pri:0, instance:com.qait.automation.gmailTes.gmailTest@2a2d45ba]" name="launchURL" is-config="true" duration-ms="9133" started-at="2018-07-04T10:38:37Z" finished-at="2018-07-04T10:38:46Z">
          <reporter-output>
          </reporter-output>
        </test-method> <!-- launchURL -->
        <test-method status="PASS" signature="firstCase()[pri:1, instance:com.qait.automation.gmailTes.gmailTest@2a2d45ba]" name="firstCase" duration-ms="1217" started-at="2018-07-04T10:38:46Z" finished-at="2018-07-04T10:38:48Z">
          <reporter-output>
          </reporter-output>
        </test-method> <!-- firstCase -->
        <test-method status="PASS" signature="secondCase()[pri:2, instance:com.qait.automation.gmailTes.gmailTest@2a2d45ba]" name="secondCase" duration-ms="8573" started-at="2018-07-04T10:38:48Z" finished-at="2018-07-04T10:38:56Z">
          <reporter-output>
          </reporter-output>
        </test-method> <!-- secondCase -->
        <test-method status="PASS" signature="thirdCase()[pri:3, instance:com.qait.automation.gmailTes.gmailTest@2a2d45ba]" name="thirdCase" duration-ms="2266" started-at="2018-07-04T10:38:56Z" finished-at="2018-07-04T10:38:58Z">
          <reporter-output>
          </reporter-output>
        </test-method> <!-- thirdCase -->
      </class> <!-- com.qait.automation.gmailTes.gmailTest -->
    </test> <!-- Default test -->
  </suite> <!-- Default suite -->
</testng-results>
