<?xml version="1.0" encoding="UTF-8"?>
<!-- Generated by org.testng.reporters.JUnitXMLReporter -->
<testsuite hostname="ASDP1732PO02529" ignored="0" name="Default test" tests="3" failures="0" timestamp="04 Jul 2018 05:08:58 GMT" time="21.208" errors="0">
  <testcase name="firstCase" time="1.217" classname="com.qait.automation.gmailTes.gmailTest"/>
  <testcase name="secondCase" time="8.573" classname="com.qait.automation.gmailTes.gmailTest"/>
  <testcase name="thirdCase" time="2.266" classname="com.qait.automation.gmailTes.gmailTest"/>
</testsuite> <!-- Default test -->
